#
# There is insufficient memory for the Java Runtime Environment to continue.
# Native memory allocation (mmap) failed to map 134217728 bytes for G1 virtual space
# Possible reasons:
#   The system is out of physical RAM or swap space
#   The process is running with CompressedOops enabled, and the Java Heap may be blocking the growth of the native heap
# Possible solutions:
#   Reduce memory load on the system
#   Increase physical memory or swap space
#   Check if swap backing store is full
#   Decrease Java heap size (-Xmx/-Xms)
#   Decrease number of Java threads
#   Decrease Java thread stack sizes (-Xss)
#   Set larger code cache with -XX:ReservedCodeCacheSize=
#   JVM is running with Unscaled Compressed Oops mode in which the Java heap is
#     placed in the first 4GB address space. The Java Heap base address is the
#     maximum limit for the native heap growth. Please use -XX:HeapBaseMinAddress
#     to set the Java Heap base and to place the Java Heap above 4GB virtual address.
# This output file may be truncated or incomplete.
#
#  Out of Memory Error (os_windows.cpp:3469), pid=16376, tid=11044
#
# JRE version:  (17.0+35) (build )
# Java VM: OpenJDK 64-Bit Server VM (17+35-2724, mixed mode, sharing, tiered, compressed oops, compressed class ptrs, g1 gc, windows-amd64)
# No core dump will be written. Minidumps are not enabled by default on client versions of Windows
#

---------------  S U M M A R Y ------------

Command Line: -Dorg.gradle.internal.worker.tmpdir=C:\Propra1\praktischeübungen\PraktischeÜbung_09\kw26-donnerstag-1030-gruppe-41\build\tmp\test\work -Dorg.gradle.native=false --add-opens=java.base/java.util=ALL-UNNAMED --add-opens=java.base/java.lang=ALL-UNNAMED -Xmx512m -Dfile.encoding=windows-1252 -Duser.country=DE -Duser.language=de -Duser.variant -ea worker.org.gradle.process.internal.worker.GradleWorkerMain 'Gradle Test Executor 3'

Host: Intel(R) Core(TM) i7-4510U CPU @ 2.00GHz, 4 cores, 7G,  Windows 10 , 64 bit Build 19041 (10.0.19041.1741)
Time: Thu Jun 30 10:59:03 2022 Mitteleuropäische Sommerzeit elapsed time: 0.019557 seconds (0d 0h 0m 0s)

---------------  T H R E A D  ---------------

Current thread (0x000001f513fbccd0):  JavaThread "Unknown thread" [_thread_in_vm, id=11044, stack(0x000000e1c3f00000,0x000000e1c4000000)]

Stack: [0x000000e1c3f00000,0x000000e1c4000000]
Native frames: (J=compiled Java code, j=interpreted, Vv=VM code, C=native code)
V  [jvm.dll+0x66f8ea]
V  [jvm.dll+0x7ce224]
V  [jvm.dll+0x7cf9ce]
V  [jvm.dll+0x7d0033]
V  [jvm.dll+0x242bb5]
V  [jvm.dll+0x66c909]
V  [jvm.dll+0x6613d2]
V  [jvm.dll+0x30082b]
V  [jvm.dll+0x307db6]
V  [jvm.dll+0x357a0e]
V  [jvm.dll+0x357c3f]
V  [jvm.dll+0x2d7ae8]
V  [jvm.dll+0x2d8a54]
V  [jvm.dll+0x7a00a1]
V  [jvm.dll+0x365781]
V  [jvm.dll+0x77f59c]
V  [jvm.dll+0x3e805f]
V  [jvm.dll+0x3e9b01]
C  [jli.dll+0x527b]
C  [ucrtbase.dll+0x21bb2]
C  [KERNEL32.DLL+0x17034]
C  [ntdll.dll+0x52651]


---------------  P R O C E S S  ---------------

Threads class SMR info:
_java_thread_list=0x00007ff92c467818, length=0, elements={
}

Java Threads: ( => current thread )

Other Threads:
  0x000001f513fe6ef0 GCTaskThread "GC Thread#0" [stack: 0x000000e1c4000000,0x000000e1c4100000] [id=17388]
  0x000001f513febd40 ConcurrentGCThread "G1 Main Marker" [stack: 0x000000e1c4100000,0x000000e1c4200000] [id=4468]
  0x000001f513fece00 ConcurrentGCThread "G1 Conc#0" [stack: 0x000000e1c4200000,0x000000e1c4300000] [id=8284]

[error occurred during error reporting (printing all threads), id 0xc0000005, EXCEPTION_ACCESS_VIOLATION (0xc0000005) at pc=0x00007ff92bcb84c7]

VM state: not at safepoint (not fully initialized)

VM Mutex/Monitor currently owned by a thread:  ([mutex/lock_event])
[0x000001f513fb9720] Heap_lock - owner thread: 0x000001f513fbccd0

Heap address: 0x00000000e0000000, size: 512 MB, Compressed Oops mode: 32-bit

CDS archive(s) mapped at: [0x0000000000000000-0x0000000000000000-0x0000000000000000), size 0, SharedBaseAddress: 0x0000000800000000, ArchiveRelocationMode: 0.
Narrow klass base: 0x0000000000000000, Narrow klass shift: 0, Narrow klass range: 0x0

GC Precious Log:
<Empty>

Heap:
 garbage-first heap   total 0K, used 0K [0x00000000e0000000, 0x0000000100000000)
  region size 1024K, 0 young (0K), 0 survivors (0K)

[error occurred during error reporting (printing heap information), id 0xc0000005, EXCEPTION_ACCESS_VIOLATION (0xc0000005) at pc=0x00007ff92c098c59]

GC Heap History (0 events):
No events

Deoptimization events (0 events):
No events

Classes unloaded (0 events):
No events

Classes redefined (0 events):
No events

Internal exceptions (0 events):
No events

VM Operations (0 events):
No events

Events (1 events):
Event: 0.007 Loaded shared library C:\Program Files\Java\OpenJDK-17\bin\java.dll


Dynamic libraries:
0x00007ff61bdd0000 - 0x00007ff61bdde000 	C:\Program Files\Java\OpenJDK-17\bin\java.exe
0x00007ff96e250000 - 0x00007ff96e447000 	C:\WINDOWS\SYSTEM32\ntdll.dll
0x00007ff96dd60000 - 0x00007ff96de1d000 	C:\WINDOWS\System32\KERNEL32.DLL
0x00007ff96ba30000 - 0x00007ff96bcfd000 	C:\WINDOWS\System32\KERNELBASE.dll
0x00007ff96c050000 - 0x00007ff96c150000 	C:\WINDOWS\System32\ucrtbase.dll
0x00007ff963800000 - 0x00007ff96381a000 	C:\Program Files\Java\OpenJDK-17\bin\VCRUNTIME140.dll
0x00007ff963590000 - 0x00007ff9635a8000 	C:\Program Files\Java\OpenJDK-17\bin\jli.dll
0x00007ff96de20000 - 0x00007ff96dfc0000 	C:\WINDOWS\System32\USER32.dll
0x00007ff96bff0000 - 0x00007ff96c012000 	C:\WINDOWS\System32\win32u.dll
0x00007ff95a3a0000 - 0x00007ff95a63a000 	C:\WINDOWS\WinSxS\amd64_microsoft.windows.common-controls_6595b64144ccf1df_6.0.19041.1110_none_60b5254171f9507e\COMCTL32.dll
0x00007ff96dcc0000 - 0x00007ff96dd5e000 	C:\WINDOWS\System32\msvcrt.dll
0x00007ff96ca00000 - 0x00007ff96ca2a000 	C:\WINDOWS\System32\GDI32.dll
0x00007ff96be50000 - 0x00007ff96bf5b000 	C:\WINDOWS\System32\gdi32full.dll
0x00007ff96bd00000 - 0x00007ff96bd9d000 	C:\WINDOWS\System32\msvcp_win.dll
0x00007ff96dc30000 - 0x00007ff96dc60000 	C:\WINDOWS\System32\IMM32.DLL
0x00007ff967750000 - 0x00007ff96775c000 	C:\Program Files\Java\OpenJDK-17\bin\vcruntime140_1.dll
0x00007ff94f9c0000 - 0x00007ff94fa4d000 	C:\Program Files\Java\OpenJDK-17\bin\msvcp140.dll
0x00007ff92b9d0000 - 0x00007ff92c58e000 	C:\Program Files\Java\OpenJDK-17\bin\server\jvm.dll
0x00007ff96ca30000 - 0x00007ff96cade000 	C:\WINDOWS\System32\ADVAPI32.dll
0x00007ff96db90000 - 0x00007ff96dc2c000 	C:\WINDOWS\System32\sechost.dll
0x00007ff96d7d0000 - 0x00007ff96d8f5000 	C:\WINDOWS\System32\RPCRT4.dll
0x00007ff96cdc0000 - 0x00007ff96cdc8000 	C:\WINDOWS\System32\PSAPI.DLL
0x00007ff960f10000 - 0x00007ff960f37000 	C:\WINDOWS\SYSTEM32\WINMM.dll
0x00007ff961760000 - 0x00007ff96176a000 	C:\WINDOWS\SYSTEM32\VERSION.dll
0x00007ff963010000 - 0x00007ff963019000 	C:\WINDOWS\SYSTEM32\WSOCK32.dll
0x00007ff96cd50000 - 0x00007ff96cdbb000 	C:\WINDOWS\System32\WS2_32.dll
0x00007ff969870000 - 0x00007ff969882000 	C:\WINDOWS\SYSTEM32\kernel.appcore.dll
0x00007ff967300000 - 0x00007ff96730a000 	C:\Program Files\Java\OpenJDK-17\bin\jimage.dll
0x00007ff963f90000 - 0x00007ff964174000 	C:\WINDOWS\SYSTEM32\DBGHELP.DLL
0x00007ff963e30000 - 0x00007ff963e5c000 	C:\WINDOWS\SYSTEM32\dbgcore.DLL
0x00007ff96bf60000 - 0x00007ff96bfe2000 	C:\WINDOWS\System32\bcryptPrimitives.dll
0x00007ff963500000 - 0x00007ff963525000 	C:\Program Files\Java\OpenJDK-17\bin\java.dll

dbghelp: loaded successfully - version: 4.0.5 - missing functions: none
symbol engine: initialized successfully - sym options: 0x614 - pdb path: .;C:\Program Files\Java\OpenJDK-17\bin;C:\WINDOWS\SYSTEM32;C:\WINDOWS\WinSxS\amd64_microsoft.windows.common-controls_6595b64144ccf1df_6.0.19041.1110_none_60b5254171f9507e;C:\Program Files\Java\OpenJDK-17\bin\server

VM Arguments:
jvm_args: -Dorg.gradle.internal.worker.tmpdir=C:\Propra1\praktischeübungen\PraktischeÜbung_09\kw26-donnerstag-1030-gruppe-41\build\tmp\test\work -Dorg.gradle.native=false --add-opens=java.base/java.util=ALL-UNNAMED --add-opens=java.base/java.lang=ALL-UNNAMED -Xmx512m -Dfile.encoding=windows-1252 -Duser.country=DE -Duser.language=de -Duser.variant -ea 
java_command: worker.org.gradle.process.internal.worker.GradleWorkerMain 'Gradle Test Executor 3'
java_class_path (initial): C:\\Users\\tim_000\\.gradle\\caches\\7.4\\workerMain\\gradle-worker.jar;C:\\Propra1\\praktischeübungen\\PraktischeÜbung_09\\kw26-donnerstag-1030-gruppe-41\\build\\classes\\java\\test;C:\\Propra1\\praktischeübungen\\PraktischeÜbung_09\\kw26-donnerstag-1030-gruppe-41\\build\\classes\\java\\main;C:\\Users\\tim_000\\.gradle\\caches\\modules-2\\files-2.1\\org.mockito\\mockito-core\\4.6.1\\545665913b140db2793a0c37e6a686affd9c08b5\\mockito-core-4.6.1.jar;C:\\Users\\tim_000\\.gradle\\caches\\modules-2\\files-2.1\\org.assertj\\assertj-core\\3.23.1\\d2bb60570f5b3d7ffa8f8000118c9c07b86eca93\\assertj-core-3.23.1.jar;C:\\Users\\tim_000\\.gradle\\caches\\modules-2\\files-2.1\\org.junit.platform\\junit-platform-engine\\1.8.2\\b737de09f19864bd136805c84df7999a142fec29\\junit-platform-engine-1.8.2.jar;C:\\Users\\tim_000\\.gradle\\caches\\modules-2\\files-2.1\\org.junit.platform\\junit-platform-commons\\1.8.2\\32c8b8617c1342376fd5af2053da6410d8866861\\junit-platform-commons-1.8.2.jar;C:\\Users\\tim_000\\.gradle\\caches\\modules-2\\files-2.1\\org.junit.jupiter\\junit-jupiter-engine\\5.8.2\\c598b4328d2f397194d11df3b1648d68d7d990e3\\junit-jupiter-engine-5.8.2.jar;C:\\Users\\tim_000\\.gradle\\caches\\modules-2\\files-2.1\\org.junit.jupiter\\junit-jupiter-api\\5.8.2\\4c21029217adf07e4c0d0c5e192b6bf610c94bdc\\junit-jupiter-api-5.8.2.jar;C:\\Users\\tim_000\\.gradle\\caches\\modules-2\\files-2.1\\net.bytebuddy\\byte-buddy\\1.12.10\\f34127d93639fad8c6fb84b3ca30292697d6c55d\\byte-buddy-1.12.10.jar;C:\\Users\\tim_000\\.gradle\\caches\\modules-2\\files-2.1\\net.bytebuddy\\byte-buddy-agent\\1.12.10\\1f097f8d6cad60e8f93e5eb670cf5dc9b64da32\\byte-buddy-agent-1.12.10.jar;C:\\Users\\tim_000\\.gradle\\caches\\modules-2\\files-2.1\\org.objenesis\\objenesis\\3.2\\7fadf57620c8b8abdf7519533e5527367cb51f09\\objenesis-3.2.jar;C:\\Users\\tim_000\\.gradle\\caches\\modules-2\\files-2.1\\org.opentest4j\\opentest4j\\1.2.0\\28c11eb91f9b6d8e200631d46e20a7f407f2a046\\opentest4j-1.2.0.jar
Launcher Type: SUN_STANDARD

[Global flags]
     intx CICompilerCount                          = 3                                         {product} {ergonomic}
     uint ConcGCThreads                            = 1                                         {product} {ergonomic}
     uint G1ConcRefinementThreads                  = 4                                         {product} {ergonomic}
   size_t G1HeapRegionSize                         = 1048576                                   {product} {ergonomic}
    uintx GCDrainStackTargetSize                   = 64                                        {product} {ergonomic}
   size_t InitialHeapSize                          = 134217728                                 {product} {ergonomic}
   size_t MarkStackSize                            = 4194304                                   {product} {ergonomic}
   size_t MaxHeapSize                              = 536870912                                 {product} {command line}
   size_t MinHeapDeltaBytes                        = 1048576                                   {product} {ergonomic}
   size_t MinHeapSize                              = 8388608                                   {product} {ergonomic}
    uintx NonNMethodCodeHeapSize                   = 5832780                                {pd product} {ergonomic}
    uintx NonProfiledCodeHeapSize                  = 122912730                              {pd product} {ergonomic}
    uintx ProfiledCodeHeapSize                     = 122912730                              {pd product} {ergonomic}
    uintx ReservedCodeCacheSize                    = 251658240                              {pd product} {ergonomic}
     bool SegmentedCodeCache                       = true                                      {product} {ergonomic}
   size_t SoftMaxHeapSize                          = 536870912                              {manageable} {ergonomic}
     bool UseCompressedClassPointers               = true                           {product lp64_product} {ergonomic}
     bool UseCompressedOops                        = true                           {product lp64_product} {ergonomic}
     bool UseG1GC                                  = true                                      {product} {ergonomic}
     bool UseLargePagesIndividualAllocation        = false                                  {pd product} {ergonomic}

Logging:
Log output configuration:
 #0: stdout all=warning uptime,level,tags
 #1: stderr all=off uptime,level,tags

Environment Variables:
PATH=C:\ProgramData\Oracle\Java\javapath;c:\Program Files (x86)\Intel\iCLS Client\;c:\Program Files\Intel\iCLS Client\;C:\WINDOWS\system32;C:\WINDOWS;C:\WINDOWS\System32\Wbem;C:\WINDOWS\System32\WindowsPowerShell\v1.0\;C:\Program Files\Intel\WiFi\bin\;C:\Program Files\Common Files\Intel\WirelessCommon\;C:\Program Files (x86)\Intel\Intel(R) Management Engine Components\DAL;C:\Program Files\Intel\Intel(R) Management Engine Components\DAL;C:\Program Files (x86)\Intel\Intel(R) Management Engine Components\IPT;C:\Program Files\Intel\Intel(R) Management Engine Components\IPT;C:\Program Files\MATLAB\R2017b\bin;C:\WINDOWS\System32\OpenSSH\;C:\Program Files\dotnet\;C:\test;C:\Program Files\ojdkbuild\java-1.8.0-openjdk-1.8.0.302-1\bin;C:\Program Files\ojdkbuild\java-1.8.0-openjdk-1.8.0.302-1\jre\bin;C:\Program Files\Git\cmd;C:\Program Files (x86)\dotnet\;C:\Gradle\gradle-7.4.2\bin;C:\Users\tim_000\AppData\Local\Microsoft\WindowsApps;C:\Users\tim_000\.dotnet\tools;C:\Users\tim_000\AppData\Local\Programs\Microsoft VS Code\bin;;C:/Users/tim_000/bin;C:/Users/tim_000/bin
USERNAME=tim_000
OS=Windows_NT
PROCESSOR_IDENTIFIER=Intel64 Family 6 Model 69 Stepping 1, GenuineIntel



---------------  S Y S T E M  ---------------

OS:
 Windows 10 , 64 bit Build 19041 (10.0.19041.1741)
OS uptime: 9 days 12:32 hours

CPU: total 4 (initial active 4) (2 cores per cpu, 2 threads per core) family 6 model 69 stepping 1 microcode 0x25, cx8, cmov, fxsr, ht, mmx, sse, sse2, sse3, ssse3, sse4.1, sse4.2, popcnt, lzcnt, tsc, tscinvbit, avx, avx2, aes, erms, clmul, bmi1, bmi2, fma, vzeroupper, clflush

Memory: 4k page, system-wide physical 8090M (835M free)
TotalPageFile size 8106M (AvailPageFile size 128M)
current process WorkingSet (physical memory assigned to process): 10M, peak: 10M
current process commit charge ("private bytes"): 51M, peak: 179M

vm_info: OpenJDK 64-Bit Server VM (17+35-2724) for windows-amd64 JRE (17+35-2724), built on Aug  5 2021 23:26:02 by "mach5one" with MS VC++ 16.8 (VS2019)

END.
